<?xml version="1.0" encoding="UTF-8"?>
<testsuites tests="1" failures="0" disabled="0" errors="0" time="0" timestamp="2021-04-24T20:54:10.612" name="AllTests">
  <testsuite name="ArrayListTest" tests="1" failures="0" disabled="0" skipped="0" errors="0" time="0" timestamp="2021-04-24T20:54:10.612">
    <testcase name="basic" status="run" result="completed" time="0" timestamp="2021-04-24T20:54:10.612" classname="ArrayListTest" />
  </testsuite>
</testsuites>
